<?xml version="1.0" encoding="UTF-8"?>
<!-- Generated by org.testng.reporters.JUnitXMLReporter -->
<testsuite ignored="1" hostname="LAPTOP-6H0FSJA9" failures="0" tests="1" name="submit_test" time="19.731" errors="0" timestamp="2024-07-26T17:01:32 IST">
  <testcase classname="Practice.Sample_class" name="testmain" time="14.044"/>
  <testcase classname="Practice.Sample_class" name="validate_orders" time="0.0">
    <ignored/>
  </testcase> <!-- validate_orders -->
</testsuite> <!-- submit_test -->
