<?xml version="1.0" encoding="UTF-8"?>
<!-- Generated by org.testng.reporters.JUnitXMLReporter -->
<testsuite ignored="1" hostname="LAPTOP-6H0FSJA9" failures="1" tests="3" name="Submit_order" time="37.064" errors="0" timestamp="2024-07-26T15:39:21 IST">
  <testcase classname="Practice.Sample_class" name="testmain" time="17.222"/>
  <testcase classname="Practice.Sample_class" name="testmain" time="1.333">
    <failure type="java.lang.NullPointerException" message="Cannot invoke &amp;quot;org.openqa.selenium.WebElement.findElement(org.openqa.selenium.By)&amp;quot; because &amp;quot;proditem2&amp;quot; is null">
      <![CDATA[java.lang.NullPointerException: Cannot invoke "org.openqa.selenium.WebElement.findElement(org.openqa.selenium.By)" because "proditem2" is null
at Com_qa_pages.product_pages.Addtocart(product_pages.java:42)
at Practice.Sample_class.testmain(Sample_class.java:64)
at java.base/java.util.ArrayList.forEach(ArrayList.java:1511)
at java.base/java.util.concurrent.FutureTask.run(FutureTask.java:264)
at java.base/java.util.concurrent.ThreadPoolExecutor.runWorker(ThreadPoolExecutor.java:1136)
at java.base/java.util.concurrent.ThreadPoolExecutor$Worker.run(ThreadPoolExecutor.java:635)
at java.base/java.lang.Thread.run(Thread.java:833)
... Removed 15 stack frames]]>
    </failure>
  </testcase> <!-- testmain -->
  <testcase classname="Practice.Sample_class" name="remove_orders" time="0.001">
    <skipped/>
  </testcase> <!-- remove_orders -->
  <testcase classname="Practice.Sample_class" name="validate_orders" time="0.0">
    <ignored/>
  </testcase> <!-- validate_orders -->
</testsuite> <!-- Submit_order -->
