<?xml version="1.0" encoding="UTF-8"?>
<!-- Generated by org.testng.reporters.JUnitXMLReporter -->
<testsuite ignored="2" hostname="LAPTOP-6H0FSJA9" failures="1" tests="3" name="Test" time="27.424" errors="0" timestamp="2024-07-26T17:03:29 IST">
  <testcase classname="Practice.Sample_class" name="testmain" time="14.176"/>
  <testcase classname="Practice.Sample_class" name="testmain" time="0.697">
    <skipped/>
  </testcase> <!-- testmain -->
  <testcase classname="Practice.Sample_class" name="testmain" time="0.721">
    <failure type="java.lang.NullPointerException" message="Cannot invoke &amp;quot;org.openqa.selenium.WebElement.findElement(org.openqa.selenium.By)&amp;quot; because &amp;quot;proditem2&amp;quot; is null">
      <![CDATA[java.lang.NullPointerException: Cannot invoke "org.openqa.selenium.WebElement.findElement(org.openqa.selenium.By)" because "proditem2" is null
at Com_qa_pages.product_pages.Addtocart(product_pages.java:42)
at Practice.Sample_class.testmain(Sample_class.java:64)
at java.base/java.util.ArrayList.forEach(ArrayList.java:1511)
... Removed 25 stack frames]]>
    </failure>
  </testcase> <!-- testmain -->
  <testcase classname="Practice.Sample_class" name="validate_orders" time="0.0">
    <ignored/>
  </testcase> <!-- validate_orders -->
  <testcase classname="Practice.Sample_class" name="remove_orders" time="0.0">
    <ignored/>
  </testcase> <!-- remove_orders -->
</testsuite> <!-- Test -->
